# JRE version: Java(TM) SE Runtime Environment (17.0.12+8) (build 17.0.12+8-LTS-286)
# Java VM: Java HotSpot(TM) 64-Bit Server VM (17.0.12+8-LTS-286, mixed mode, sharing, tiered, compressed oops, compressed class ptrs, g1 gc, windows-amd64)
GC Precious Log:
 CPUs: 4 total, 4 available
 Memory: 8067M
 Large Page Support: Disabled
 NUMA Support: Disabled
 Compressed Oops: Enabled (32-bit)
 Heap Region Size: 1M
 Heap Min Capacity: 8M
 Heap Initial Capacity: 128M
 Heap Max Capacity: 2018M
 Pre-touch: Disabled
 Parallel Workers: 4
 Concurrent Workers: 1
 Concurrent Refinement Workers: 4
 Periodic GC: Disabled
Heap:
 garbage-first heap   total 66560K, used 35286K [0x0000000081e00000, 0x0000000100000000)
  region size 1024K, 13 young (13312K), 4 survivors (4096K)
 Metaspace       used 61549K, committed 62080K, reserved 1114112K
  class space    used 8413K, committed 8704K, reserved 1048576K
GC Heap History (20 events):
Event: 5.484 GC heap before
{Heap before GC invocations=7 (full 0):
 garbage-first heap   total 48128K, used 32577K [0x0000000081e00000, 0x0000000100000000)
  region size 1024K, 17 young (17408K), 1 survivors (1024K)
 Metaspace       used 27966K, committed 28416K, reserved 1114112K
  class space    used 3541K, committed 3776K, reserved 1048576K
}
Event: 5.488 GC heap after
{Heap after GC invocations=8 (full 0):
 garbage-first heap   total 48128K, used 17094K [0x0000000081e00000, 0x0000000100000000)
  region size 1024K, 2 young (2048K), 2 survivors (2048K)
 Metaspace       used 27966K, committed 28416K, reserved 1114112K
  class space    used 3541K, committed 3776K, reserved 1048576K
}
Event: 6.102 GC heap before
{Heap before GC invocations=8 (full 0):
 garbage-first heap   total 48128K, used 34502K [0x0000000081e00000, 0x0000000100000000)
  region size 1024K, 19 young (19456K), 2 survivors (2048K)
 Metaspace       used 32403K, committed 32832K, reserved 1114112K
  class space    used 4043K, committed 4224K, reserved 1048576K
}
Event: 6.110 GC heap after
{Heap after GC invocations=9 (full 0):
 garbage-first heap   total 48128K, used 18193K [0x0000000081e00000, 0x0000000100000000)
  region size 1024K, 3 young (3072K), 3 survivors (3072K)
 Metaspace       used 32403K, committed 32832K, reserved 1114112K
  class space    used 4043K, committed 4224K, reserved 1048576K
}
Event: 6.696 GC heap before
{Heap before GC invocations=9 (full 0):
 garbage-first heap   total 48128K, used 32529K [0x0000000081e00000, 0x0000000100000000)
  region size 1024K, 18 young (18432K), 3 survivors (3072K)
 Metaspace       used 35692K, committed 36096K, reserved 1114112K
  class space    used 4487K, committed 4672K, reserved 1048576K
}
Event: 6.703 GC heap after
{Heap after GC invocations=10 (full 0):
 garbage-first heap   total 48128K, used 19175K [0x0000000081e00000, 0x0000000100000000)
  region size 1024K, 3 young (3072K), 3 survivors (3072K)
 Metaspace       used 35692K, committed 36096K, reserved 1114112K
  class space    used 4487K, committed 4672K, reserved 1048576K
}
Event: 7.537 GC heap before
{Heap before GC invocations=11 (full 0):
 garbage-first heap   total 48128K, used 34535K [0x0000000081e00000, 0x0000000100000000)
  region size 1024K, 19 young (19456K), 3 survivors (3072K)
 Metaspace       used 39671K, committed 40128K, reserved 1114112K
  class space    used 5184K, committed 5376K, reserved 1048576K
}
Event: 7.541 GC heap after
{Heap after GC invocations=12 (full 0):
 garbage-first heap   total 48128K, used 20398K [0x0000000081e00000, 0x0000000100000000)
  region size 1024K, 2 young (2048K), 2 survivors (2048K)
 Metaspace       used 39671K, committed 40128K, reserved 1114112K
  class space    used 5184K, committed 5376K, reserved 1048576K
}
Event: 8.466 GC heap before
{Heap before GC invocations=12 (full 0):
 garbage-first heap   total 48128K, used 35758K [0x0000000081e00000, 0x0000000100000000)
  region size 1024K, 18 young (18432K), 2 survivors (2048K)
 Metaspace       used 43468K, committed 43904K, reserved 1114112K
  class space    used 5732K, committed 5952K, reserved 1048576K
}
Event: 8.471 GC heap after
{Heap after GC invocations=13 (full 0):
 garbage-first heap   total 48128K, used 21289K [0x0000000081e00000, 0x0000000100000000)
  region size 1024K, 2 young (2048K), 2 survivors (2048K)
 Metaspace       used 43468K, committed 43904K, reserved 1114112K
  class space    used 5732K, committed 5952K, reserved 1048576K
}
Event: 9.335 GC heap before
{Heap before GC invocations=13 (full 0):
 garbage-first heap   total 48128K, used 36649K [0x0000000081e00000, 0x0000000100000000)
  region size 1024K, 18 young (18432K), 2 survivors (2048K)
 Metaspace       used 49016K, committed 49472K, reserved 1114112K
  class space    used 6558K, committed 6720K, reserved 1048576K
}
Event: 9.341 GC heap after
{Heap after GC invocations=14 (full 0):
 garbage-first heap   total 48128K, used 21979K [0x0000000081e00000, 0x0000000100000000)
  region size 1024K, 2 young (2048K), 2 survivors (2048K)
 Metaspace       used 49016K, committed 49472K, reserved 1114112K
  class space    used 6558K, committed 6720K, reserved 1048576K
}
Event: 9.843 GC heap before
{Heap before GC invocations=14 (full 0):
 garbage-first heap   total 48128K, used 37339K [0x0000000081e00000, 0x0000000100000000)
  region size 1024K, 18 young (18432K), 2 survivors (2048K)
 Metaspace       used 53252K, committed 53696K, reserved 1114112K
  class space    used 7293K, committed 7488K, reserved 1048576K
}
Event: 9.847 GC heap after
{Heap after GC invocations=15 (full 0):
 garbage-first heap   total 48128K, used 22582K [0x0000000081e00000, 0x0000000100000000)
  region size 1024K, 3 young (3072K), 3 survivors (3072K)
 Metaspace       used 53252K, committed 53696K, reserved 1114112K
  class space    used 7293K, committed 7488K, reserved 1048576K
}
Event: 10.298 GC heap before
{Heap before GC invocations=15 (full 0):
 garbage-first heap   total 48128K, used 37942K [0x0000000081e00000, 0x0000000100000000)
  region size 1024K, 18 young (18432K), 3 survivors (3072K)
 Metaspace       used 56584K, committed 57088K, reserved 1114112K
  class space    used 7675K, committed 7936K, reserved 1048576K
}
Event: 10.304 GC heap after
{Heap after GC invocations=16 (full 0):
 garbage-first heap   total 48128K, used 24004K [0x0000000081e00000, 0x0000000100000000)
  region size 1024K, 3 young (3072K), 3 survivors (3072K)
 Metaspace       used 56584K, committed 57088K, reserved 1114112K
  class space    used 7675K, committed 7936K, reserved 1048576K
}
Event: 10.785 GC heap before
{Heap before GC invocations=16 (full 0):
 garbage-first heap   total 48128K, used 38340K [0x0000000081e00000, 0x0000000100000000)
  region size 1024K, 17 young (17408K), 3 survivors (3072K)
 Metaspace       used 58353K, committed 58880K, reserved 1114112K
  class space    used 7921K, committed 8192K, reserved 1048576K
}
Event: 10.793 GC heap after
{Heap after GC invocations=17 (full 0):
 garbage-first heap   total 66560K, used 25505K [0x0000000081e00000, 0x0000000100000000)
  region size 1024K, 3 young (3072K), 3 survivors (3072K)
 Metaspace       used 58353K, committed 58880K, reserved 1114112K
  class space    used 7921K, committed 8192K, reserved 1048576K
}
Event: 11.340 GC heap before
{Heap before GC invocations=17 (full 0):
 garbage-first heap   total 66560K, used 39841K [0x0000000081e00000, 0x0000000100000000)
  region size 1024K, 18 young (18432K), 3 survivors (3072K)
 Metaspace       used 60011K, committed 60480K, reserved 1114112K
  class space    used 8160K, committed 8384K, reserved 1048576K
}
Event: 11.348 GC heap after
{Heap after GC invocations=18 (full 0):
 garbage-first heap   total 66560K, used 27094K [0x0000000081e00000, 0x0000000100000000)
  region size 1024K, 4 young (4096K), 4 survivors (4096K)
 Metaspace       used 60011K, committed 60480K, reserved 1114112K
  class space    used 8160K, committed 8384K, reserved 1048576K
}

